<?xml version="1.0" encoding="UTF-8"?>
<!-- Generated by org.testng.reporters.JUnitXMLReporter -->
<testsuite ignored="0" hostname="ROHIT-PC" failures="0" tests="4" name="Default test" time="9.348" errors="0" timestamp="2022-02-19T10:15:06 IST">
  <testcase classname="tests.HomeTest" name="testDataTable" time="1.011"/>
  <testcase classname="tests.HomeTest" name="testDropdownSection" time="1.002"/>
  <testcase classname="tests.HomeTest" name="testHomePageTitle" time="1.014"/>
  <testcase classname="tests.HomeTest" name="testPOMSection" time="1.012"/>
</testsuite> <!-- Default test -->
