<?xml version="1.0" encoding="UTF-8"?>
<!-- Generated by org.testng.reporters.JUnitXMLReporter -->
<testsuite hostname="ROHIT-PC" ignored="2" name="Command line test" tests="4" failures="0" timestamp="2022-02-19T23:58:08 IST" time="9.7" errors="0">
  <testcase name="testDataTable" time="1.007" classname="tests.HomeTest"/>
  <testcase name="testDropdownSection" time="1.01" classname="tests.HomeTest"/>
  <testcase name="testHomePageTitle" time="1.029" classname="tests.HomeTest"/>
  <testcase name="testPOMSection" time="1.011" classname="tests.HomeTest"/>
  <testcase name="@BeforeTest setup" time="0.0" classname="tests.TestBase">
    <ignored/>
  </testcase> <!-- @BeforeTest setup -->
  <testcase name="@AfterTest closeDriver" time="0.0" classname="tests.TestBase">
    <ignored/>
  </testcase> <!-- @AfterTest closeDriver -->
</testsuite> <!-- Command line test -->
