<?xml version="1.0" encoding="UTF-8"?>
<testng-results skipped="0" failed="0" ignored="2" total="6" passed="4">
  <reporter-output>
  </reporter-output>
  <suite name="Command line suite" duration-ms="9700" started-at="2022-02-19T23:57:58 IST" finished-at="2022-02-19T23:58:08 IST">
    <groups>
    </groups>
    <test name="Command line test" duration-ms="9700" started-at="2022-02-19T23:57:58 IST" finished-at="2022-02-19T23:58:08 IST">
      <class name="tests.HomeTest">
        <test-method status="PASS" signature="setup()[pri:0, instance:tests.HomeTest@210366b4]" name="setup" is-config="true" duration-ms="5364" started-at="2022-02-19T23:57:58 IST" finished-at="2022-02-19T23:58:04 IST">
          <reporter-output>
          </reporter-output>
        </test-method> <!-- setup -->
        <test-method status="PASS" signature="testDataTable()[pri:0, instance:tests.HomeTest@210366b4]" name="testDataTable" duration-ms="1007" started-at="2022-02-19T23:58:04 IST" finished-at="2022-02-19T23:58:05 IST">
          <reporter-output>
          </reporter-output>
        </test-method> <!-- testDataTable -->
        <test-method status="PASS" signature="testDropdownSection()[pri:0, instance:tests.HomeTest@210366b4]" name="testDropdownSection" duration-ms="1010" started-at="2022-02-19T23:58:05 IST" finished-at="2022-02-19T23:58:06 IST">
          <reporter-output>
          </reporter-output>
        </test-method> <!-- testDropdownSection -->
        <test-method status="PASS" signature="testHomePageTitle()[pri:0, instance:tests.HomeTest@210366b4]" name="testHomePageTitle" duration-ms="1029" started-at="2022-02-19T23:58:06 IST" finished-at="2022-02-19T23:58:07 IST">
          <reporter-output>
          </reporter-output>
        </test-method> <!-- testHomePageTitle -->
        <test-method status="PASS" signature="testPOMSection()[pri:0, instance:tests.HomeTest@210366b4]" name="testPOMSection" duration-ms="1011" started-at="2022-02-19T23:58:07 IST" finished-at="2022-02-19T23:58:08 IST">
          <reporter-output>
          </reporter-output>
        </test-method> <!-- testPOMSection -->
        <test-method status="PASS" signature="closeDriver()[pri:0, instance:tests.HomeTest@210366b4]" name="closeDriver" is-config="true" duration-ms="263" started-at="2022-02-19T23:58:08 IST" finished-at="2022-02-19T23:58:08 IST">
          <reporter-output>
          </reporter-output>
        </test-method> <!-- closeDriver -->
      </class> <!-- tests.HomeTest -->
    </test> <!-- Command line test -->
  </suite> <!-- Command line suite -->
</testng-results>
