<?xml version="1.0" encoding="UTF-8"?>
<testng-results ignored="0" total="4" passed="4" failed="0" skipped="0">
  <reporter-output>
  </reporter-output>
  <suite started-at="2022-02-19T10:14:57 IST" name="Default suite" finished-at="2022-02-19T10:15:06 IST" duration-ms="9348">
    <groups>
    </groups>
    <test started-at="2022-02-19T10:14:57 IST" name="Default test" finished-at="2022-02-19T10:15:06 IST" duration-ms="9348">
      <class name="tests.HomeTest">
        <test-method is-config="true" signature="setup()[pri:0, instance:tests.HomeTest@3c73951]" started-at="2022-02-19T10:14:57 IST" name="setup" finished-at="2022-02-19T10:15:02 IST" duration-ms="5153" status="PASS">
          <reporter-output>
          </reporter-output>
        </test-method> <!-- setup -->
        <test-method signature="testDataTable()[pri:0, instance:tests.HomeTest@3c73951]" started-at="2022-02-19T10:15:02 IST" name="testDataTable" finished-at="2022-02-19T10:15:03 IST" duration-ms="1011" status="PASS">
          <reporter-output>
          </reporter-output>
        </test-method> <!-- testDataTable -->
        <test-method signature="testDropdownSection()[pri:0, instance:tests.HomeTest@3c73951]" started-at="2022-02-19T10:15:03 IST" name="testDropdownSection" finished-at="2022-02-19T10:15:04 IST" duration-ms="1002" status="PASS">
          <reporter-output>
          </reporter-output>
        </test-method> <!-- testDropdownSection -->
        <test-method signature="testHomePageTitle()[pri:0, instance:tests.HomeTest@3c73951]" started-at="2022-02-19T10:15:04 IST" name="testHomePageTitle" finished-at="2022-02-19T10:15:05 IST" duration-ms="1014" status="PASS">
          <reporter-output>
          </reporter-output>
        </test-method> <!-- testHomePageTitle -->
        <test-method signature="testPOMSection()[pri:0, instance:tests.HomeTest@3c73951]" started-at="2022-02-19T10:15:05 IST" name="testPOMSection" finished-at="2022-02-19T10:15:06 IST" duration-ms="1012" status="PASS">
          <reporter-output>
          </reporter-output>
        </test-method> <!-- testPOMSection -->
        <test-method is-config="true" signature="closeDriver()[pri:0, instance:tests.HomeTest@3c73951]" started-at="2022-02-19T10:15:06 IST" name="closeDriver" finished-at="2022-02-19T10:15:06 IST" duration-ms="128" status="PASS">
          <reporter-output>
          </reporter-output>
        </test-method> <!-- closeDriver -->
      </class> <!-- tests.HomeTest -->
    </test> <!-- Default test -->
  </suite> <!-- Default suite -->
</testng-results>
